#
# There is insufficient memory for the Java Runtime Environment to continue.
# Native memory allocation (malloc) failed to allocate 342736 bytes for Chunk::new
# Possible reasons:
#   The system is out of physical RAM or swap space
#   The process is running with CompressedOops enabled, and the Java Heap may be blocking the growth of the native heap
# Possible solutions:
#   Reduce memory load on the system
#   Increase physical memory or swap space
#   Check if swap backing store is full
#   Decrease Java heap size (-Xmx/-Xms)
#   Decrease number of Java threads
#   Decrease Java thread stack sizes (-Xss)
#   Set larger code cache with -XX:ReservedCodeCacheSize=
#   JVM is running with Unscaled Compressed Oops mode in which the Java heap is
#     placed in the first 4GB address space. The Java Heap base address is the
#     maximum limit for the native heap growth. Please use -XX:HeapBaseMinAddress
#     to set the Java Heap base and to place the Java Heap above 4GB virtual address.
# This output file may be truncated or incomplete.
#
#  Out of Memory Error (allocation.cpp:389), pid=12120, tid=0x00000000000027f4
#
# JRE version: OpenJDK Runtime Environment (8.0_242-b01) (build 1.8.0_242-release-1644-b01)
# Java VM: OpenJDK 64-Bit Server VM (25.242-b01 mixed mode windows-amd64 compressed oops)
# Failed to write core dump. Minidumps are not enabled by default on client versions of Windows
#

---------------  T H R E A D  ---------------

Current thread (0x00000000176ce000):  JavaThread "C2 CompilerThread0" daemon [_thread_in_native, id=10228, stack(0x0000000019d80000,0x0000000019e80000)]

Stack: [0x0000000019d80000,0x0000000019e80000]
[error occurred during error reporting (printing stack bounds), id 0xc0000005]

Native frames: (J=compiled Java code, j=interpreted, Vv=VM code, C=native code)


Current CompileTask:
C2:7764112 23292       4       org.gradle.api.internal.artifacts.ivyservice.resolveengine.result.DesugaredAttributeContainerSerializer::read (155 bytes)


---------------  P R O C E S S  ---------------

Java Threads: ( => current thread )
  0x000000002160b000 JavaThread "Cache worker for Build Output Cleanup Cache (C:\Users\sianu\AndroidStudioProjects\GoGaga\.gradle\buildOutputCleanup)" [_thread_blocked, id=4692, stack(0x0000000025450000,0x0000000025550000)]
  0x000000002160e800 JavaThread "Build operations Thread 8" [_thread_blocked, id=11996, stack(0x0000000025350000,0x0000000025450000)]
  0x000000002160f800 JavaThread "Build operations Thread 7" [_thread_blocked, id=12636, stack(0x0000000025250000,0x0000000025350000)]
  0x0000000021611000 JavaThread "Build operations Thread 6" [_thread_blocked, id=10660, stack(0x0000000023f80000,0x0000000024080000)]
  0x000000002160a000 JavaThread "Build operations Thread 5" [_thread_blocked, id=11760, stack(0x0000000022c60000,0x0000000022d60000)]
  0x0000000021607000 JavaThread "Build operations Thread 4" [_thread_blocked, id=4920, stack(0x0000000022b60000,0x0000000022c60000)]
  0x0000000021608800 JavaThread "Build operations Thread 3" [_thread_blocked, id=7148, stack(0x0000000022a60000,0x0000000022b60000)]
  0x0000000021608000 JavaThread "Build operations Thread 2" [_thread_blocked, id=7128, stack(0x0000000020a40000,0x0000000020b40000)]
  0x0000000021c66000 JavaThread "Build operations" [_thread_blocked, id=5188, stack(0x0000000020940000,0x0000000020a40000)]
  0x0000000021c68800 JavaThread "Cache worker for cache directory md-rule (C:\Users\sianu\.gradle\caches\6.1.1\md-rule)" [_thread_blocked, id=13076, stack(0x0000000020840000,0x0000000020940000)]
  0x0000000021c5e800 JavaThread "Cache worker for cache directory md-supplier (C:\Users\sianu\.gradle\caches\6.1.1\md-supplier)" [_thread_blocked, id=7844, stack(0x0000000020740000,0x0000000020840000)]
  0x0000000021c64800 JavaThread "Cache worker for file hash cache (C:\Users\sianu\AndroidStudioProjects\GoGaga\.gradle\6.1.1\fileHashes)" [_thread_blocked, id=6936, stack(0x0000000020640000,0x0000000020740000)]
  0x0000000021c5d000 JavaThread "Cache worker for checksums cache (C:\Users\sianu\AndroidStudioProjects\GoGaga\.gradle\checksums)" [_thread_blocked, id=9512, stack(0x000000001dca0000,0x000000001dda0000)]
  0x0000000021c5e000 JavaThread "Thread-130" [_thread_blocked, id=7096, stack(0x000000001d9a0000,0x000000001daa0000)]
  0x0000000021c64000 JavaThread "Stdin handler" [_thread_blocked, id=9588, stack(0x000000001d8a0000,0x000000001d9a0000)]
  0x0000000021c63000 JavaThread "Asynchronous log dispatcher for DefaultDaemonConnection: socket connection from /127.0.0.1:51548 to /127.0.0.1:52539" [_thread_blocked, id=13288, stack(0x000000001d5a0000,0x000000001d6a0000)]
  0x0000000021c61800 JavaThread "Cancel handler" [_thread_blocked, id=4048, stack(0x0000000000a80000,0x0000000000b80000)]
  0x0000000021c60000 JavaThread "Handler for socket connection from /127.0.0.1:51548 to /127.0.0.1:52539" [_thread_in_native, id=7992, stack(0x0000000000980000,0x0000000000a80000)]
  0x0000000021c6b800 JavaThread "ForkJoinPool.commonPool-worker-0" daemon [_thread_blocked, id=5868, stack(0x000000002b540000,0x000000002b640000)]
  0x0000000021c6a800 JavaThread "ForkJoinPool.commonPool-worker-7" daemon [_thread_blocked, id=9852, stack(0x000000002b440000,0x000000002b540000)]
  0x0000000021c6a000 JavaThread "ForkJoinPool.commonPool-worker-6" daemon [_thread_blocked, id=1960, stack(0x000000002b230000,0x000000002b330000)]
  0x000000001b43c800 JavaThread "Daemon worker Thread 4" [_thread_in_Java, id=5268, stack(0x000000001d4a0000,0x000000001d5a0000)]
  0x000000001b436800 JavaThread "Daemon Thread 4" [_thread_blocked, id=4104, stack(0x0000000000880000,0x0000000000980000)]
  0x000000001c1d4800 JavaThread "Cache worker for Java compile cache (C:\Users\sianu\.gradle\caches\6.1.1\javaCompile)" [_thread_blocked, id=2108, stack(0x000000002a420000,0x000000002a520000)]
  0x000000001c1c8800 JavaThread "MarlinRenderer Disposer" daemon [_thread_blocked, id=9868, stack(0x000000002ae20000,0x000000002af20000)]
  0x000000001c1c7000 JavaThread "Java2D Disposer" daemon [_thread_blocked, id=13852, stack(0x000000002ad20000,0x000000002ae20000)]
  0x0000000021615800 JavaThread "Cache worker for file content cache (C:\Users\sianu\.gradle\caches\6.1.1\fileContent)" [_thread_blocked, id=11376, stack(0x0000000026a50000,0x0000000026b50000)]
  0x000000002160b800 JavaThread "Memory manager" [_thread_blocked, id=2016, stack(0x0000000025750000,0x0000000025850000)]
  0x00000000194c1800 JavaThread "Cache worker for execution history cache (C:\Users\sianu\.gradle\caches\6.1.1\executionHistory)" [_thread_blocked, id=4284, stack(0x0000000021d60000,0x0000000021e60000)]
  0x00000000194c5800 JavaThread "Cache worker for file hash cache (C:\Users\sianu\.gradle\caches\6.1.1\fileHashes)" [_thread_blocked, id=9772, stack(0x000000001e1a0000,0x000000001e2a0000)]
  0x00000000194c4800 JavaThread "File lock request listener" [_thread_in_native, id=1744, stack(0x000000001e0a0000,0x000000001e1a0000)]
  0x000000001bfb4800 JavaThread "Cache worker for journal cache (C:\Users\sianu\.gradle\caches\journal-1)" [_thread_blocked, id=7688, stack(0x000000001dfa0000,0x000000001e0a0000)]
  0x000000001be60800 JavaThread "Daemon periodic checks" [_thread_blocked, id=9004, stack(0x000000001d3a0000,0x000000001d4a0000)]
  0x000000001be5d800 JavaThread "Incoming local TCP Connector on port 51548" [_thread_in_native, id=10920, stack(0x000000001d160000,0x000000001d260000)]
  0x00000000195ee000 JavaThread "Daemon health stats" [_thread_blocked, id=2988, stack(0x000000001cb20000,0x000000001cc20000)]
  0x0000000019522800 JavaThread "Service Thread" daemon [_thread_blocked, id=12300, stack(0x000000001a180000,0x000000001a280000)]
  0x00000000194c4000 JavaThread "C1 CompilerThread3" daemon [_thread_blocked, id=8568, stack(0x000000001a080000,0x000000001a180000)]
  0x00000000194c7000 JavaThread "C2 CompilerThread2" daemon [_thread_in_native, id=7380, stack(0x0000000019f80000,0x000000001a080000)]
  0x00000000194b9800 JavaThread "C2 CompilerThread1" daemon [_thread_in_native, id=13824, stack(0x0000000019e80000,0x0000000019f80000)]
=>0x00000000176ce000 JavaThread "C2 CompilerThread0" daemon [_thread_in_native, id=10228, stack(0x0000000019d80000,0x0000000019e80000)]
  0x00000000194b4000 JavaThread "Attach Listener" daemon [_thread_blocked, id=6044, stack(0x0000000019c80000,0x0000000019d80000)]
  0x00000000194b3800 JavaThread "Signal Dispatcher" daemon [_thread_blocked, id=8184, stack(0x0000000019b80000,0x0000000019c80000)]
  0x000000000264e800 JavaThread "Finalizer" daemon [_thread_blocked, id=8032, stack(0x0000000019980000,0x0000000019a80000)]
  0x00000000176bc800 JavaThread "Reference Handler" daemon [_thread_blocked, id=5264, stack(0x0000000019880000,0x0000000019980000)]
  0x000000000244e000 JavaThread "main" [_thread_blocked, id=11212, stack(0x0000000002450000,0x0000000002550000)]

Other Threads:
  0x00000000176b5800 VMThread [stack: 0x0000000019380000,0x0000000019480000] [id=580]
  0x0000000019523800 WatcherThread [stack: 0x000000001a280000,0x000000001a380000] [id=2572]

VM state:not at safepoint (normal execution)

VM Mutex/Monitor currently owned by a thread: None

heap address: 0x0000000080000000, size: 2048 MB, Compressed Oops mode: 32-bit
Narrow klass base: 0x0000000000000000, Narrow klass shift: 3
Compressed class space size: 1073741824 Address: 0x0000000100000000

Heap:
 PSYoungGen      total 633856K, used 61693K [0x00000000d5580000, 0x0000000100000000, 0x0000000100000000)
  eden space 568832K, 10% used [0x00000000d5580000,0x00000000d91bf560,0x00000000f8100000)
  from space 65024K, 0% used [0x00000000f8100000,0x00000000f8100000,0x00000000fc080000)
  to   space 61440K, 0% used [0x00000000fc400000,0x00000000fc400000,0x0000000100000000)
 ParOldGen       total 302592K, used 59054K [0x0000000080000000, 0x0000000092780000, 0x00000000d5580000)
  object space 302592K, 19% used [0x0000000080000000,0x00000000839ab880,0x0000000092780000)
 Metaspace       used 108663K, capacity 113700K, committed 118488K, reserved 1153024K
  class space    used 13943K, capacity 14933K, committed 15872K, reserved 1048576K

Card table byte_map: [0x0000000011a10000,0x0000000011e20000] byte_map_base: 0x0000000011610000

Marking Bits: (ParMarkBitMap*) 0x000000007104f030
 Begin Bits: [0x00000000128d0000, 0x00000000148d0000)
 End Bits:   [0x00000000148d0000, 0x00000000168d0000)

Polling page: 0x0000000000680000

CodeCache: size=245760Kb used=62934Kb max_used=63057Kb free=182826Kb
 bounds [0x0000000002650000, 0x0000000006480000, 0x0000000011650000]
 total_blobs=19492 nmethods=18428 adapters=975
 compilation: enabled

Compilation events (10 events):
Event: 7764.086 Thread 0x00000000194c4000 23324       3       org.gradle.internal.metaobject.BeanDynamicObject::tryInvokeMethod (10 bytes)
Event: 7764.086 Thread 0x00000000194c4000 nmethod 23324 0x0000000005366210 code [0x0000000005366380, 0x0000000005366588]
Event: 7764.086 Thread 0x00000000194c4000 23326       3       org.gradle.api.internal.artifacts.repositories.DefaultMavenArtifactRepository_Decorated::getName (39 bytes)
Event: 7764.087 Thread 0x00000000194c4000 nmethod 23326 0x00000000055a91d0 code [0x00000000055a93a0, 0x00000000055a9ac8]
Event: 7764.087 Thread 0x00000000194c4000 23325       3       org.gradle.internal.metaobject.BeanDynamicObject$MetaClassAdapter::invokeMethod (229 bytes)
Event: 7764.089 Thread 0x00000000194c4000 nmethod 23325 0x00000000040000d0 code [0x0000000004000420, 0x0000000004001d98]
Event: 7764.089 Thread 0x00000000194c4000 23327       1       org.gradle.internal.logging.events.LogLevelChangeEvent::getNewLogLevel (5 bytes)
Event: 7764.089 Thread 0x00000000194c4000 nmethod 23327 0x0000000005381c10 code [0x0000000005381d60, 0x0000000005381e70]
Event: 7764.089 Thread 0x00000000194c4000 23328       3       org.gradle.internal.build.event.types.DefaultBinaryPluginIdentifier::hashCode (8 bytes)
Event: 7764.089 Thread 0x00000000194c4000 nmethod 23328 0x00000000054110d0 code [0x0000000005411240, 0x0000000005411448]

GC Heap History (10 events):
Event: 6947.238 GC heap before
{Heap before GC invocations=38 (full 4):
 PSYoungGen      total 519680K, used 467440K [0x00000000d5580000, 0x00000000fce00000, 0x0000000100000000)
  eden space 460288K, 100% used [0x00000000d5580000,0x00000000f1700000,0x00000000f1700000)
  from space 59392K, 12% used [0x00000000f1700000,0x00000000f1dfc1b0,0x00000000f5100000)
  to   space 57344K, 0% used [0x00000000f9600000,0x00000000f9600000,0x00000000fce00000)
 ParOldGen       total 302592K, used 203722K [0x0000000080000000, 0x0000000092780000, 0x00000000d5580000)
  object space 302592K, 67% used [0x0000000080000000,0x000000008c6f2ad0,0x0000000092780000)
 Metaspace       used 108476K, capacity 114112K, committed 114264K, reserved 1148928K
  class space    used 14046K, capacity 15120K, committed 15232K, reserved 1048576K
Event: 6947.255 GC heap after
Heap after GC invocations=38 (full 4):
 PSYoungGen      total 583168K, used 5888K [0x00000000d5580000, 0x00000000fc880000, 0x0000000100000000)
  eden space 531456K, 0% used [0x00000000d5580000,0x00000000d5580000,0x00000000f5c80000)
  from space 51712K, 11% used [0x00000000f9600000,0x00000000f9bc0000,0x00000000fc880000)
  to   space 55296K, 0% used [0x00000000f5c80000,0x00000000f5c80000,0x00000000f9280000)
 ParOldGen       total 302592K, used 207991K [0x0000000080000000, 0x0000000092780000, 0x00000000d5580000)
  object space 302592K, 68% used [0x0000000080000000,0x000000008cb1dcf0,0x0000000092780000)
 Metaspace       used 108476K, capacity 114112K, committed 114264K, reserved 1148928K
  class space    used 14046K, capacity 15120K, committed 15232K, reserved 1048576K
}
Event: 6948.042 GC heap before
{Heap before GC invocations=39 (full 4):
 PSYoungGen      total 583168K, used 537344K [0x00000000d5580000, 0x00000000fc880000, 0x0000000100000000)
  eden space 531456K, 100% used [0x00000000d5580000,0x00000000f5c80000,0x00000000f5c80000)
  from space 51712K, 11% used [0x00000000f9600000,0x00000000f9bc0000,0x00000000fc880000)
  to   space 55296K, 0% used [0x00000000f5c80000,0x00000000f5c80000,0x00000000f9280000)
 ParOldGen       total 302592K, used 207991K [0x0000000080000000, 0x0000000092780000, 0x00000000d5580000)
  object space 302592K, 68% used [0x0000000080000000,0x000000008cb1dcf0,0x0000000092780000)
 Metaspace       used 108503K, capacity 114112K, committed 114264K, reserved 1148928K
  class space    used 14046K, capacity 15120K, committed 15232K, reserved 1048576K
Event: 6948.064 GC heap after
Heap after GC invocations=39 (full 4):
 PSYoungGen      total 586752K, used 6678K [0x00000000d5580000, 0x00000000fff80000, 0x0000000100000000)
  eden space 531456K, 0% used [0x00000000d5580000,0x00000000d5580000,0x00000000f5c80000)
  from space 55296K, 12% used [0x00000000f5c80000,0x00000000f6305820,0x00000000f9280000)
  to   space 53248K, 0% used [0x00000000fcb80000,0x00000000fcb80000,0x00000000fff80000)
 ParOldGen       total 302592K, used 211534K [0x0000000080000000, 0x0000000092780000, 0x00000000d5580000)
  object space 302592K, 69% used [0x0000000080000000,0x000000008ce93a10,0x0000000092780000)
 Metaspace       used 108503K, capacity 114112K, committed 114264K, reserved 1148928K
  class space    used 14046K, capacity 15120K, committed 15232K, reserved 1048576K
}
Event: 6951.175 GC heap before
{Heap before GC invocations=40 (full 4):
 PSYoungGen      total 586752K, used 538134K [0x00000000d5580000, 0x00000000fff80000, 0x0000000100000000)
  eden space 531456K, 100% used [0x00000000d5580000,0x00000000f5c80000,0x00000000f5c80000)
  from space 55296K, 12% used [0x00000000f5c80000,0x00000000f6305820,0x00000000f9280000)
  to   space 53248K, 0% used [0x00000000fcb80000,0x00000000fcb80000,0x00000000fff80000)
 ParOldGen       total 302592K, used 211534K [0x0000000080000000, 0x0000000092780000, 0x00000000d5580000)
  object space 302592K, 69% used [0x0000000080000000,0x000000008ce93a10,0x0000000092780000)
 Metaspace       used 109245K, capacity 115052K, committed 115416K, reserved 1148928K
  class space    used 14133K, capacity 15224K, committed 15360K, reserved 1048576K
Event: 6951.247 GC heap after
Heap after GC invocations=40 (full 4):
 PSYoungGen      total 622080K, used 53246K [0x00000000d5580000, 0x0000000100000000, 0x0000000100000000)
  eden space 568832K, 0% used [0x00000000d5580000,0x00000000d5580000,0x00000000f8100000)
  from space 53248K, 99% used [0x00000000fcb80000,0x00000000fff7f960,0x00000000fff80000)
  to   space 65024K, 0% used [0x00000000f8100000,0x00000000f8100000,0x00000000fc080000)
 ParOldGen       total 302592K, used 216249K [0x0000000080000000, 0x0000000092780000, 0x00000000d5580000)
  object space 302592K, 71% used [0x0000000080000000,0x000000008d32e648,0x0000000092780000)
 Metaspace       used 109245K, capacity 115052K, committed 115416K, reserved 1148928K
  class space    used 14133K, capacity 15224K, committed 15360K, reserved 1048576K
}
Event: 7739.818 GC heap before
{Heap before GC invocations=41 (full 4):
 PSYoungGen      total 622080K, used 306232K [0x00000000d5580000, 0x0000000100000000, 0x0000000100000000)
  eden space 568832K, 44% used [0x00000000d5580000,0x00000000e4c8e6b8,0x00000000f8100000)
  from space 53248K, 99% used [0x00000000fcb80000,0x00000000fff7f960,0x00000000fff80000)
  to   space 65024K, 0% used [0x00000000f8100000,0x00000000f8100000,0x00000000fc080000)
 ParOldGen       total 302592K, used 216249K [0x0000000080000000, 0x0000000092780000, 0x00000000d5580000)
  object space 302592K, 71% used [0x0000000080000000,0x000000008d32e648,0x0000000092780000)
 Metaspace       used 111568K, capacity 118146K, committed 118488K, reserved 1153024K
  class space    used 14488K, capacity 15709K, committed 15872K, reserved 1048576K
Event: 7739.840 GC heap after
Heap after GC invocations=41 (full 4):
 PSYoungGen      total 633856K, used 14683K [0x00000000d5580000, 0x0000000100000000, 0x0000000100000000)
  eden space 568832K, 0% used [0x00000000d5580000,0x00000000d5580000,0x00000000f8100000)
  from space 65024K, 22% used [0x00000000f8100000,0x00000000f8f56d00,0x00000000fc080000)
  to   space 61440K, 0% used [0x00000000fc400000,0x00000000fc400000,0x0000000100000000)
 ParOldGen       total 302592K, used 217625K [0x0000000080000000, 0x0000000092780000, 0x00000000d5580000)
  object space 302592K, 71% used [0x0000000080000000,0x000000008d4866a8,0x0000000092780000)
 Metaspace       used 111568K, capacity 118146K, committed 118488K, reserved 1153024K
  class space    used 14488K, capacity 15709K, committed 15872K, reserved 1048576K
}
Event: 7739.840 GC heap before
{Heap before GC invocations=42 (full 5):
 PSYoungGen      total 633856K, used 14683K [0x00000000d5580000, 0x0000000100000000, 0x0000000100000000)
  eden space 568832K, 0% used [0x00000000d5580000,0x00000000d5580000,0x00000000f8100000)
  from space 65024K, 22% used [0x00000000f8100000,0x00000000f8f56d00,0x00000000fc080000)
  to   space 61440K, 0% used [0x00000000fc400000,0x00000000fc400000,0x0000000100000000)
 ParOldGen       total 302592K, used 217625K [0x0000000080000000, 0x0000000092780000, 0x00000000d5580000)
  object space 302592K, 71% used [0x0000000080000000,0x000000008d4866a8,0x0000000092780000)
 Metaspace       used 111568K, capacity 118146K, committed 118488K, reserved 1153024K
  class space    used 14488K, capacity 15709K, committed 15872K, reserved 1048576K
Event: 7740.360 GC heap after
Heap after GC invocations=42 (full 5):
 PSYoungGen      total 633856K, used 0K [0x00000000d5580000, 0x0000000100000000, 0x0000000100000000)
  eden space 568832K, 0% used [0x00000000d5580000,0x00000000d5580000,0x00000000f8100000)
  from space 65024K, 0% used [0x00000000f8100000,0x00000000f8100000,0x00000000fc080000)
  to   space 61440K, 0% used [0x00000000fc400000,0x00000000fc400000,0x0000000100000000)
 ParOldGen       total 302592K, used 59054K [0x0000000080000000, 0x0000000092780000, 0x00000000d5580000)
  object space 302592K, 19% used [0x0000000080000000,0x00000000839ab880,0x0000000092780000)
 Metaspace       used 108570K, capacity 113618K, committed 118488K, reserved 1153024K
  class space    used 13936K, capacity 14920K, committed 15872K, reserved 1048576K
}

Deoptimization events (10 events):
Event: 7727.906 Thread 0x0000000021614000 Uncommon trap: reason=unstable_if action=reinterpret pc=0x00000000035a1668 method=com.google.gson.stream.JsonReader.nextQuotedValue(C)Ljava/lang/String; @ 96
Event: 7727.907 Thread 0x0000000021614000 Uncommon trap: reason=unstable_if action=reinterpret pc=0x0000000004dc89ec method=com.google.common.base.Objects.equal(Ljava/lang/Object;Ljava/lang/Object;)Z @ 14
Event: 7727.910 Thread 0x0000000021614000 Uncommon trap: reason=unstable_if action=reinterpret pc=0x0000000002db55a8 method=com.sun.org.apache.xerces.internal.dom.CharacterDataImpl.getNodeValue()Ljava/lang/String; @ 4
Event: 7727.911 Thread 0x0000000021614000 Uncommon trap: reason=unstable_if action=reinterpret pc=0x0000000002fc97a8 method=com.sun.org.apache.xerces.internal.dom.ElementNSImpl.getNamespaceURI()Ljava/lang/String; @ 4
Event: 7728.020 Thread 0x0000000021613000 Uncommon trap: reason=bimorphic action=maybe_recompile pc=0x0000000004884e2c method=org.gradle.internal.snapshot.SnapshotUtil.getSnapshotFromChild(Lorg/gradle/internal/snapshot/FileSystemNode;Lorg/gradle/internal/snapshot/VfsRelativePath;Lorg/gradle/inter
Event: 7728.020 Thread 0x0000000021613000 Uncommon trap: reason=bimorphic action=maybe_recompile pc=0x0000000004884e2c method=org.gradle.internal.snapshot.SnapshotUtil.getSnapshotFromChild(Lorg/gradle/internal/snapshot/FileSystemNode;Lorg/gradle/internal/snapshot/VfsRelativePath;Lorg/gradle/inter
Event: 7728.303 Thread 0x0000000021614000 Uncommon trap: reason=unstable_if action=reinterpret pc=0x000000000393e8d0 method=java.io.ObjectOutputStream$BlockDataOutputStream.writeByte(I)V @ 7
Event: 7740.387 Thread 0x0000000021613000 Uncommon trap: reason=unstable_if action=reinterpret pc=0x000000000598ce18 method=java.io.ObjectStreamClass.processQueue(Ljava/lang/ref/ReferenceQueue;Ljava/util/concurrent/ConcurrentMap;)V @ 6
Event: 7740.395 Thread 0x0000000021c5e000 Uncommon trap: reason=predicate action=maybe_recompile pc=0x00000000063e613c method=com.google.common.collect.RegularImmutableMap.fromEntryArray(I[Ljava/util/Map$Entry;)Lcom/google/common/collect/ImmutableMap; @ 62
Event: 7763.995 Thread 0x000000001b43c800 Uncommon trap: reason=class_check action=maybe_recompile pc=0x000000000493fe90 method=org.gradle.internal.work.DefaultWorkerLeaseService$DefaultWorkerLease.acquireLock()Z @ 4

Classes redefined (0 events):
No events

Internal exceptions (10 events):
Event: 7739.703 Thread 0x0000000021614000 Exception <a 'sun/nio/fs/WindowsException'> (0x00000000e4471b98) thrown at [C:\src\AOSP-openjdk-git\hotspot\src\share\vm\prims\jni.cpp, line 710]
Event: 7739.704 Thread 0x0000000021614000 Exception <a 'sun/nio/fs/WindowsException'> (0x00000000e4477f70) thrown at [C:\src\AOSP-openjdk-git\hotspot\src\share\vm\prims\jni.cpp, line 710]
Event: 7739.704 Thread 0x0000000021614000 Exception <a 'sun/nio/fs/WindowsException'> (0x00000000e4478c30) thrown at [C:\src\AOSP-openjdk-git\hotspot\src\share\vm\prims\jni.cpp, line 710]
Event: 7739.704 Thread 0x0000000021614000 Exception <a 'sun/nio/fs/WindowsException'> (0x00000000e4479960) thrown at [C:\src\AOSP-openjdk-git\hotspot\src\share\vm\prims\jni.cpp, line 710]
Event: 7739.704 Thread 0x0000000021614000 Exception <a 'sun/nio/fs/WindowsException'> (0x00000000e447b760) thrown at [C:\src\AOSP-openjdk-git\hotspot\src\share\vm\prims\jni.cpp, line 710]
Event: 7739.705 Thread 0x0000000021614000 Exception <a 'sun/nio/fs/WindowsException'> (0x00000000e447c430) thrown at [C:\src\AOSP-openjdk-git\hotspot\src\share\vm\prims\jni.cpp, line 710]
Event: 7739.705 Thread 0x0000000021614000 Exception <a 'sun/nio/fs/WindowsException'> (0x00000000e447d170) thrown at [C:\src\AOSP-openjdk-git\hotspot\src\share\vm\prims\jni.cpp, line 710]
Event: 7740.404 Thread 0x0000000021c5e000 Exception <a 'sun/nio/fs/WindowsException'> (0x00000000d5c99720) thrown at [C:\src\AOSP-openjdk-git\hotspot\src\share\vm\prims\jni.cpp, line 710]
Event: 7740.404 Thread 0x0000000021c5e000 Exception <a 'sun/nio/fs/WindowsException'> (0x00000000d5c99be8) thrown at [C:\src\AOSP-openjdk-git\hotspot\src\share\vm\prims\jni.cpp, line 710]
Event: 7740.668 Thread 0x000000001b43c800 Exception <a 'sun/nio/fs/WindowsException'> (0x00000000d6fe2318) thrown at [C:\src\AOSP-openjdk-git\hotspot\src\share\vm\prims\jni.cpp, line 710]

Events (10 events):
Event: 7764.057 Thread 0x0000000021c66000 Thread added: 0x0000000021c66000
Event: 7764.057 Thread 0x0000000021608000 Thread added: 0x0000000021608000
Event: 7764.057 Executing VM operation: RevokeBias
Event: 7764.057 Executing VM operation: RevokeBias done
Event: 7764.058 Thread 0x0000000021608800 Thread added: 0x0000000021608800
Event: 7764.058 Thread 0x0000000021607000 Thread added: 0x0000000021607000
Event: 7764.058 Thread 0x000000002160a000 Thread added: 0x000000002160a000
Event: 7764.058 Thread 0x0000000021611000 Thread added: 0x0000000021611000
Event: 7764.058 Thread 0x000000002160f800 Thread added: 0x000000002160f800
Event: 7764.058 Thread 0x000000002160e800 Thread added: 0x000000002160e800


Dynamic libraries:
0x00007ff642fe0000 - 0x00007ff643011000 	C:\Program Files\Android\Android Studio\jre\bin\java.exe
0x00007ffc94840000 - 0x00007ffc94a30000 	C:\WINDOWS\SYSTEM32\ntdll.dll
0x00007ffc92c80000 - 0x00007ffc92d32000 	C:\WINDOWS\System32\KERNEL32.DLL
0x00007ffc92640000 - 0x00007ffc928e4000 	C:\WINDOWS\System32\KERNELBASE.dll
0x00007ffc93a40000 - 0x00007ffc93ae3000 	C:\WINDOWS\System32\ADVAPI32.dll
0x00007ffc93c50000 - 0x00007ffc93cee000 	C:\WINDOWS\System32\msvcrt.dll
0x00007ffc92fb0000 - 0x00007ffc93047000 	C:\WINDOWS\System32\sechost.dll
0x00007ffc92950000 - 0x00007ffc92a70000 	C:\WINDOWS\System32\RPCRT4.dll
0x00007ffc94570000 - 0x00007ffc94705000 	C:\WINDOWS\System32\USER32.dll
0x00007ffc92610000 - 0x00007ffc92631000 	C:\WINDOWS\System32\win32u.dll
0x00007ffc94090000 - 0x00007ffc940b6000 	C:\WINDOWS\System32\GDI32.dll
0x00007ffc917c0000 - 0x00007ffc91956000 	C:\WINDOWS\System32\gdi32full.dll
0x00007ffc919c0000 - 0x00007ffc91a5e000 	C:\WINDOWS\System32\msvcp_win.dll
0x00007ffc92510000 - 0x00007ffc9260a000 	C:\WINDOWS\System32\ucrtbase.dll
0x00007ffc7d730000 - 0x00007ffc7d9b4000 	C:\WINDOWS\WinSxS\amd64_microsoft.windows.common-controls_6595b64144ccf1df_6.0.18362.1016_none_9e7a36bbe461dae4\COMCTL32.dll
0x00007ffc93d50000 - 0x00007ffc94085000 	C:\WINDOWS\System32\combase.dll
0x00007ffc91ab0000 - 0x00007ffc91b30000 	C:\WINDOWS\System32\bcryptPrimitives.dll
0x00007ffc940c0000 - 0x00007ffc940ee000 	C:\WINDOWS\System32\IMM32.DLL
0x00000000706c0000 - 0x0000000070792000 	C:\Program Files\Android\Android Studio\jre\jre\bin\msvcr100.dll
0x0000000070880000 - 0x00000000710cb000 	C:\Program Files\Android\Android Studio\jre\jre\bin\server\jvm.dll
0x00007ffc92d40000 - 0x00007ffc92d48000 	C:\WINDOWS\System32\PSAPI.DLL
0x00007ffc8e780000 - 0x00007ffc8e7a4000 	C:\WINDOWS\SYSTEM32\WINMM.dll
0x00007ffc8e1d0000 - 0x00007ffc8e1d9000 	C:\WINDOWS\SYSTEM32\WSOCK32.dll
0x00007ffc8d7c0000 - 0x00007ffc8d7ca000 	C:\WINDOWS\SYSTEM32\VERSION.dll
0x00007ffc93940000 - 0x00007ffc939af000 	C:\WINDOWS\System32\WS2_32.dll
0x00007ffc8e470000 - 0x00007ffc8e49d000 	C:\WINDOWS\SYSTEM32\WINMMBASE.dll
0x00007ffc91a60000 - 0x00007ffc91aaa000 	C:\WINDOWS\System32\cfgmgr32.dll
0x00007ffc8d290000 - 0x00007ffc8d29f000 	C:\Program Files\Android\Android Studio\jre\jre\bin\verify.dll
0x00007ffc8ab30000 - 0x00007ffc8ab59000 	C:\Program Files\Android\Android Studio\jre\jre\bin\java.dll
0x00007ffc8b7e0000 - 0x00007ffc8b7f6000 	C:\Program Files\Android\Android Studio\jre\jre\bin\zip.dll
0x00007ffc93100000 - 0x00007ffc937e7000 	C:\WINDOWS\System32\SHELL32.dll
0x00007ffc93050000 - 0x00007ffc930f9000 	C:\WINDOWS\System32\shcore.dll
0x00007ffc91b30000 - 0x00007ffc922b2000 	C:\WINDOWS\System32\windows.storage.dll
0x00007ffc91720000 - 0x00007ffc91743000 	C:\WINDOWS\System32\profapi.dll
0x00007ffc91770000 - 0x00007ffc917ba000 	C:\WINDOWS\System32\powrprof.dll
0x00007ffc916f0000 - 0x00007ffc91700000 	C:\WINDOWS\System32\UMPDC.dll
0x00007ffc928f0000 - 0x00007ffc92942000 	C:\WINDOWS\System32\shlwapi.dll
0x00007ffc91750000 - 0x00007ffc91761000 	C:\WINDOWS\System32\kernel.appcore.dll
0x00007ffc922c0000 - 0x00007ffc922d7000 	C:\WINDOWS\System32\cryptsp.dll
0x00007ffc89b80000 - 0x00007ffc89b9a000 	C:\Program Files\Android\Android Studio\jre\jre\bin\net.dll
0x00007ffc90f50000 - 0x00007ffc90fb7000 	C:\WINDOWS\system32\mswsock.dll
0x00007ffc89b60000 - 0x00007ffc89b73000 	C:\Program Files\Android\Android Studio\jre\jre\bin\nio.dll
0x00007ffc82990000 - 0x00007ffc829b6000 	C:\Users\sianu\.gradle\native\31\windows-amd64\native-platform.dll
0x00007ffc8b0b0000 - 0x00007ffc8b0bd000 	C:\Program Files\Android\Android Studio\jre\jre\bin\management.dll
0x00007ffc90ac0000 - 0x00007ffc90af3000 	C:\WINDOWS\system32\rsaenh.dll
0x00007ffc924e0000 - 0x00007ffc92506000 	C:\WINDOWS\System32\bcrypt.dll
0x00007ffc915e0000 - 0x00007ffc91605000 	C:\WINDOWS\SYSTEM32\USERENV.dll
0x00007ffc91120000 - 0x00007ffc9112c000 	C:\WINDOWS\SYSTEM32\CRYPTBASE.dll
0x00007ffc90c60000 - 0x00007ffc90c9a000 	C:\WINDOWS\SYSTEM32\IPHLPAPI.DLL
0x00007ffc94560000 - 0x00007ffc94568000 	C:\WINDOWS\System32\NSI.dll
0x00007ffc88c40000 - 0x00007ffc88c56000 	C:\WINDOWS\SYSTEM32\dhcpcsvc6.DLL
0x00007ffc89ba0000 - 0x00007ffc89bbc000 	C:\WINDOWS\SYSTEM32\dhcpcsvc.DLL
0x00007ffc90ca0000 - 0x00007ffc90d6b000 	C:\WINDOWS\SYSTEM32\DNSAPI.dll
0x00007ffc80530000 - 0x00007ffc80554000 	C:\Program Files\Android\Android Studio\jre\jre\bin\sunec.dll
0x00007ffc8cd80000 - 0x00007ffc8cd8a000 	C:\Windows\System32\rasadhlp.dll
0x00007ffc87a30000 - 0x00007ffc87aa7000 	C:\WINDOWS\System32\fwpuclnt.dll
0x00007ffc8ab20000 - 0x00007ffc8ab2b000 	C:\Program Files\Android\Android Studio\jre\jre\bin\sunmscapi.dll
0x00007ffc922e0000 - 0x00007ffc92429000 	C:\WINDOWS\System32\CRYPT32.dll
0x00007ffc91700000 - 0x00007ffc91712000 	C:\WINDOWS\System32\MSASN1.dll
0x00007ffc90740000 - 0x00007ffc90771000 	C:\WINDOWS\SYSTEM32\ntmarta.dll
0x00007ffc71d40000 - 0x00007ffc71edc000 	C:\Program Files\Android\Android Studio\jre\jre\bin\awt.dll
0x00007ffc93870000 - 0x00007ffc93935000 	C:\WINDOWS\System32\OLEAUT32.dll
0x00007ffc90050000 - 0x00007ffc9007d000 	C:\WINDOWS\SYSTEM32\dwmapi.dll
0x00007ffc8e880000 - 0x00007ffc8ee40000 	C:\WINDOWS\SYSTEM32\d2d1.dll
0x00007ffc8f9a0000 - 0x00007ffc8fa2f000 	C:\WINDOWS\SYSTEM32\apphelp.dll
0x00007ffc8fa50000 - 0x00007ffc8fae9000 	C:\WINDOWS\system32\uxtheme.dll

VM Arguments:
jvm_args: -Xmx2048m -Dfile.encoding=windows-1252 -Duser.country=US -Duser.language=en -Duser.variant 
java_command: org.gradle.launcher.daemon.bootstrap.GradleDaemon 6.1.1
java_class_path (initial): C:\Users\sianu\.gradle\wrapper\dists\gradle-6.1.1-all\cfmwm155h49vnt3hynmlrsdst\gradle-6.1.1\lib\gradle-launcher-6.1.1.jar
Launcher Type: SUN_STANDARD

Environment Variables:
PATH=C:\Program Files (x86)\Common Files\Oracle\Java\javapath;C:\Windows\system32;C:\Windows;C:\Windows\System32\Wbem;C:\Windows\System32\WindowsPowerShell\v1.0\;C:\Windows\System32\OpenSSH\;C:\Program Files (x86)\NVIDIA Corporation\PhysX\Common;C:\Program Files\NVIDIA Corporation\NVIDIA NvDLISR;C:\WINDOWS\system32;C:\WINDOWS;C:\WINDOWS\System32\Wbem;C:\WINDOWS\System32\WindowsPowerShell\v1.0\;C:\WINDOWS\System32\OpenSSH\;C:\Program Files\Git\cmd;C:\Users\sianu\AppData\Local\Android\Sdk\platform-tools
USERNAME=sianu
OS=Windows_NT
PROCESSOR_IDENTIFIER=Intel64 Family 6 Model 60 Stepping 3, GenuineIntel



---------------  S Y S T E M  ---------------

OS: Windows 10.0 , 64 bit Build 18362 (10.0.18362.959)

CPU:total 8 (initial active 8) (4 cores per cpu, 2 threads per core) family 6 model 60 stepping 3, cmov, cx8, fxsr, mmx, sse, sse2, sse3, ssse3, sse4.1, sse4.2, popcnt, avx, avx2, aes, clmul, erms, lzcnt, ht, tsc, tscinvbit, bmi1, bmi2

Memory: 4k page, physical 8298776k(423452k free), swap 10253592k(1192k free)

vm_info: OpenJDK 64-Bit Server VM (25.242-b01) for windows-amd64 JRE (1.8.0_242-release-1644-b01), built by "builder" with MS VC++ 10.0 (VS2010)

time: Mon Aug 31 15:11:23 2020
timezone: Nepal Standard Time
elapsed time: 7764 seconds (0d 2h 9m 24s)

